<component name="libraryTable">
  <library name="junit-4.13-beta-3">
    <CLASSES>
      <root url="jar://C:/tt/junit-4.13-beta-3.jar!/" />
      <root url="jar://C:/tt/hamcrest-core-1.3.jar!/" />
    </CLASSES>
    <JAVADOC />
    <SOURCES />
  </library>
</component>